<?xml version="1.0" encoding="UTF-8"?>
<!-- Generated by org.testng.reporters.JUnitReportReporter -->
<testsuite hostname="TWINKIL-LP2" failures="0" tests="1" name="eMB.Test.Test2" time="3.470" errors="0" timestamp="2022-07-13T15:23:42 IST" skipped="0">
  <testcase classname="eMB.Test.Test2" name="Test" time="3.470"/>
  <system-out/>
</testsuite> <!-- eMB.Test.Test2 -->
