<?xml version="1.0" encoding="UTF-8"?>
<!-- Generated by org.testng.reporters.JUnitReportReporter -->
<testsuite hostname="TWINKIL-LP2" failures="0" tests="1" name="eMB.Verify.Verify2" time="3.795" errors="0" timestamp="2022-07-13T14:26:56 IST" skipped="0">
  <testcase classname="eMB.Verify.Verify2" name="Test" time="3.795"/>
  <system-out/>
</testsuite> <!-- eMB.Verify.Verify2 -->
