<?xml version="1.0" encoding="UTF-8"?>
<!-- Generated by org.testng.reporters.JUnitReportReporter -->
<testsuite hostname="TWINKIL-LP2" failures="0" tests="1" name="eMB.Test.TestCases.Test2" time="5.949" errors="0" timestamp="2022-07-14T11:30:08 IST" skipped="0">
  <testcase classname="eMB.Test.TestCases.Test2" name="Differentclassmethod" time="5.949"/>
  <system-out/>
</testsuite> <!-- eMB.Test.TestCases.Test2 -->
