<?xml version="1.0" encoding="UTF-8"?>
<!-- Generated by org.testng.reporters.JUnitReportReporter -->
<testsuite hostname="TWINKIL-LP2" failures="0" tests="3" name="eMB.Test.Test1" time="3.096" errors="0" timestamp="2022-07-13T15:23:42 IST" skipped="0">
  <testcase classname="eMB.Test.Test1" name="Test" time="3.089"/>
  <system-out/>
  <testcase classname="eMB.Test.Test1" name="Thirdmethod" time="0.001"/>
  <system-out/>
  <testcase classname="eMB.Test.Test1" name="Secondmethod" time="0.006"/>
  <system-out/>
</testsuite> <!-- eMB.Test.Test1 -->
